#
# There is insufficient memory for the Java Runtime Environment to continue.
# Native memory allocation (malloc) failed to allocate 32744 bytes for ChunkPool::allocate
# Possible reasons:
#   The system is out of physical RAM or swap space
#   In 32 bit mode, the process size limit was hit
# Possible solutions:
#   Reduce memory load on the system
#   Increase physical memory or swap space
#   Check if swap backing store is full
#   Use 64 bit Java on a 64 bit OS
#   Decrease Java heap size (-Xmx/-Xms)
#   Decrease number of Java threads
#   Decrease Java thread stack sizes (-Xss)
#   Set larger code cache with -XX:ReservedCodeCacheSize=
# This output file may be truncated or incomplete.
#
#  Out of Memory Error (allocation.cpp:273), pid=7684, tid=604
#
# JRE version: Java(TM) SE Runtime Environment (8.0_73-b02) (build 1.8.0_73-b02)
# Java VM: Java HotSpot(TM) 64-Bit Server VM (25.73-b02 mixed mode windows-amd64 compressed oops)
# Failed to write core dump. Minidumps are not enabled by default on client versions of Windows
#

---------------  T H R E A D  ---------------

Current thread (0x0000000018a6a800):  JavaThread "C1 CompilerThread2" daemon [_thread_in_native, id=604, stack(0x00000000193e0000,0x00000000194e0000)]

Stack: [0x00000000193e0000,0x00000000194e0000]
[error occurred during error reporting (printing stack bounds), id 0xc0000005]

Native frames: (J=compiled Java code, j=interpreted, Vv=VM code, C=native code)


Current CompileTask:
C1:   3737 2387   !   3       java.beans.PropertyDescriptor::findPropertyType (188 bytes)


---------------  P R O C E S S  ---------------

Java Threads: ( => current thread )
  0x0000000018ad4000 JavaThread "Service Thread" daemon [_thread_blocked, id=6496, stack(0x0000000018ff0000,0x00000000190f0000)]
=>0x0000000018a6a800 JavaThread "C1 CompilerThread2" daemon [_thread_in_native, id=604, stack(0x00000000193e0000,0x00000000194e0000)]
  0x0000000018a69000 JavaThread "C2 CompilerThread1" daemon [_thread_in_native, id=8212, stack(0x00000000184c0000,0x00000000185c0000)]
  0x0000000018a63800 JavaThread "C2 CompilerThread0" daemon [_thread_in_native, id=4412, stack(0x0000000019220000,0x0000000019320000)]
  0x0000000018a60800 JavaThread "Attach Listener" daemon [_thread_blocked, id=7504, stack(0x00000000190f0000,0x00000000191f0000)]
  0x0000000017616800 JavaThread "Signal Dispatcher" daemon [_thread_blocked, id=4368, stack(0x0000000018e70000,0x0000000018f70000)]
  0x00000000175b7000 JavaThread "Finalizer" daemon [_thread_blocked, id=7820, stack(0x0000000018960000,0x0000000018a60000)]
  0x00000000175b0800 JavaThread "Reference Handler" daemon [_thread_blocked, id=5916, stack(0x00000000187c0000,0x00000000188c0000)]
  0x000000000039f800 JavaThread "main" [_thread_in_Java, id=9092, stack(0x00000000024e0000,0x00000000025e0000)]

Other Threads:
  0x00000000175aa800 VMThread [stack: 0x00000000185c0000,0x00000000186c0000] [id=2016]
  0x0000000018afc800 WatcherThread [stack: 0x00000000195d0000,0x00000000196d0000] [id=4944]

VM state:not at safepoint (normal execution)

VM Mutex/Monitor currently owned by a thread: None

Heap:
 PSYoungGen      total 71680K, used 20021K [0x00000000d5f00000, 0x00000000daa00000, 0x0000000100000000)
  eden space 66560K, 22% used [0x00000000d5f00000,0x00000000d6d90fd0,0x00000000da000000)
  from space 5120K, 99% used [0x00000000da000000,0x00000000da4fc710,0x00000000da500000)
  to   space 5120K, 0% used [0x00000000da500000,0x00000000da500000,0x00000000daa00000)
 ParOldGen       total 41984K, used 5548K [0x0000000081c00000, 0x0000000084500000, 0x00000000d5f00000)
  object space 41984K, 13% used [0x0000000081c00000,0x000000008216b3e8,0x0000000084500000)
 Metaspace       used 23466K, capacity 23814K, committed 24064K, reserved 1073152K
  class space    used 2921K, capacity 3028K, committed 3072K, reserved 1048576K

Card table byte_map: [0x0000000011c70000,0x0000000012070000] byte_map_base: 0x0000000011862000

Marking Bits: (ParMarkBitMap*) 0x00000000708d0600
 Begin Bits: [0x0000000012900000, 0x0000000014890000)
 End Bits:   [0x0000000014890000, 0x0000000016820000)

Polling page: 0x0000000000340000

CodeCache: size=245760Kb used=8571Kb max_used=8571Kb free=237188Kb
 bounds [0x00000000028b0000, 0x0000000003120000, 0x00000000118b0000]
 total_blobs=2750 nmethods=2381 adapters=281
 compilation: enabled

Compilation events (10 events):
Event: 3.728 Thread 0x0000000018a6a800 nmethod 2383 0x00000000031113d0 code [0x0000000003111520, 0x0000000003111630]
Event: 3.728 Thread 0x0000000018a6a800 2384       1       sun.reflect.generics.tree.MethodTypeSignature::getFormalTypeParameters (5 bytes)
Event: 3.729 Thread 0x0000000018a6a800 nmethod 2384 0x0000000003111690 code [0x00000000031117e0, 0x00000000031118f0]
Event: 3.729 Thread 0x0000000018a6a800 2385       1       sun.reflect.generics.tree.MethodTypeSignature::getExceptionTypes (5 bytes)
Event: 3.729 Thread 0x0000000018a6a800 nmethod 2385 0x0000000003111950 code [0x0000000003111aa0, 0x0000000003111bb0]
Event: 3.729 Thread 0x0000000018a6a800 2386       3       com.sun.beans.TypeResolver::resolveInClass (9 bytes)
Event: 3.730 Thread 0x0000000018a6a800 nmethod 2386 0x0000000003111c10 code [0x0000000003111de0, 0x0000000003112448]
Event: 3.730 Thread 0x0000000018a6a800 2389       1       java.nio.charset.CharsetEncoder::maxBytesPerChar (5 bytes)
Event: 3.730 Thread 0x0000000018a6a800 nmethod 2389 0x0000000003112790 code [0x00000000031128e0, 0x00000000031129f0]
Event: 3.730 Thread 0x0000000018a6a800 2387   !   3       java.beans.PropertyDescriptor::findPropertyType (188 bytes)

GC Heap History (10 events):
Event: 1.865 GC heap before
{Heap before GC invocations=2 (full 0):
 PSYoungGen      total 38400K, used 37813K [0x00000000d5f00000, 0x00000000d8980000, 0x0000000100000000)
  eden space 33280K, 100% used [0x00000000d5f00000,0x00000000d7f80000,0x00000000d7f80000)
  from space 5120K, 88% used [0x00000000d7f80000,0x00000000d83ed570,0x00000000d8480000)
  to   space 5120K, 0% used [0x00000000d8480000,0x00000000d8480000,0x00000000d8980000)
 ParOldGen       total 87552K, used 8K [0x0000000081c00000, 0x0000000087180000, 0x00000000d5f00000)
  object space 87552K, 0% used [0x0000000081c00000,0x0000000081c02000,0x0000000087180000)
 Metaspace       used 12188K, capacity 12338K, committed 12672K, reserved 1060864K
  class space    used 1528K, capacity 1563K, committed 1664K, reserved 1048576K
Event: 1.874 GC heap after
Heap after GC invocations=2 (full 0):
 PSYoungGen      total 38400K, used 5090K [0x00000000d5f00000, 0x00000000d8980000, 0x0000000100000000)
  eden space 33280K, 0% used [0x00000000d5f00000,0x00000000d5f00000,0x00000000d7f80000)
  from space 5120K, 99% used [0x00000000d8480000,0x00000000d8978b88,0x00000000d8980000)
  to   space 5120K, 0% used [0x00000000d7f80000,0x00000000d7f80000,0x00000000d8480000)
 ParOldGen       total 87552K, used 831K [0x0000000081c00000, 0x0000000087180000, 0x00000000d5f00000)
  object space 87552K, 0% used [0x0000000081c00000,0x0000000081ccfe38,0x0000000087180000)
 Metaspace       used 12188K, capacity 12338K, committed 12672K, reserved 1060864K
  class space    used 1528K, capacity 1563K, committed 1664K, reserved 1048576K
}
Event: 2.239 GC heap before
{Heap before GC invocations=3 (full 0):
 PSYoungGen      total 38400K, used 38370K [0x00000000d5f00000, 0x00000000d8980000, 0x0000000100000000)
  eden space 33280K, 100% used [0x00000000d5f00000,0x00000000d7f80000,0x00000000d7f80000)
  from space 5120K, 99% used [0x00000000d8480000,0x00000000d8978b88,0x00000000d8980000)
  to   space 5120K, 0% used [0x00000000d7f80000,0x00000000d7f80000,0x00000000d8480000)
 ParOldGen       total 87552K, used 831K [0x0000000081c00000, 0x0000000087180000, 0x00000000d5f00000)
  object space 87552K, 0% used [0x0000000081c00000,0x0000000081ccfe38,0x0000000087180000)
 Metaspace       used 16417K, capacity 16586K, committed 16768K, reserved 1064960K
  class space    used 2029K, capacity 2079K, committed 2176K, reserved 1048576K
Event: 2.246 GC heap after
Heap after GC invocations=3 (full 0):
 PSYoungGen      total 38400K, used 5110K [0x00000000d5f00000, 0x00000000daa00000, 0x0000000100000000)
  eden space 33280K, 0% used [0x00000000d5f00000,0x00000000d5f00000,0x00000000d7f80000)
  from space 5120K, 99% used [0x00000000d7f80000,0x00000000d847d8e0,0x00000000d8480000)
  to   space 5120K, 0% used [0x00000000da500000,0x00000000da500000,0x00000000daa00000)
 ParOldGen       total 87552K, used 2625K [0x0000000081c00000, 0x0000000087180000, 0x00000000d5f00000)
  object space 87552K, 2% used [0x0000000081c00000,0x0000000081e906a8,0x0000000087180000)
 Metaspace       used 16417K, capacity 16586K, committed 16768K, reserved 1064960K
  class space    used 2029K, capacity 2079K, committed 2176K, reserved 1048576K
}
Event: 2.249 GC heap before
{Heap before GC invocations=4 (full 0):
 PSYoungGen      total 38400K, used 5865K [0x00000000d5f00000, 0x00000000daa00000, 0x0000000100000000)
  eden space 33280K, 2% used [0x00000000d5f00000,0x00000000d5fbcc10,0x00000000d7f80000)
  from space 5120K, 99% used [0x00000000d7f80000,0x00000000d847d8e0,0x00000000d8480000)
  to   space 5120K, 0% used [0x00000000da500000,0x00000000da500000,0x00000000daa00000)
 ParOldGen       total 87552K, used 2625K [0x0000000081c00000, 0x0000000087180000, 0x00000000d5f00000)
  object space 87552K, 2% used [0x0000000081c00000,0x0000000081e906a8,0x0000000087180000)
 Metaspace       used 16432K, capacity 16586K, committed 16768K, reserved 1069056K
  class space    used 2031K, capacity 2079K, committed 2176K, reserved 1048576K
Event: 2.255 GC heap after
Heap after GC invocations=4 (full 0):
 PSYoungGen      total 71680K, used 3648K [0x00000000d5f00000, 0x00000000daa00000, 0x0000000100000000)
  eden space 66560K, 0% used [0x00000000d5f00000,0x00000000d5f00000,0x00000000da000000)
  from space 5120K, 71% used [0x00000000da500000,0x00000000da890020,0x00000000daa00000)
  to   space 5120K, 0% used [0x00000000da000000,0x00000000da000000,0x00000000da500000)
 ParOldGen       total 87552K, used 2633K [0x0000000081c00000, 0x0000000087180000, 0x00000000d5f00000)
  object space 87552K, 3% used [0x0000000081c00000,0x0000000081e926a8,0x0000000087180000)
 Metaspace       used 16432K, capacity 16586K, committed 16768K, reserved 1069056K
  class space    used 2031K, capacity 2079K, committed 2176K, reserved 1048576K
}
Event: 2.255 GC heap before
{Heap before GC invocations=5 (full 1):
 PSYoungGen      total 71680K, used 3648K [0x00000000d5f00000, 0x00000000daa00000, 0x0000000100000000)
  eden space 66560K, 0% used [0x00000000d5f00000,0x00000000d5f00000,0x00000000da000000)
  from space 5120K, 71% used [0x00000000da500000,0x00000000da890020,0x00000000daa00000)
  to   space 5120K, 0% used [0x00000000da000000,0x00000000da000000,0x00000000da500000)
 ParOldGen       total 87552K, used 2633K [0x0000000081c00000, 0x0000000087180000, 0x00000000d5f00000)
  object space 87552K, 3% used [0x0000000081c00000,0x0000000081e926a8,0x0000000087180000)
 Metaspace       used 16432K, capacity 16586K, committed 16768K, reserved 1069056K
  class space    used 2031K, capacity 2079K, committed 2176K, reserved 1048576K
Event: 2.283 GC heap after
Heap after GC invocations=5 (full 1):
 PSYoungGen      total 71680K, used 0K [0x00000000d5f00000, 0x00000000daa00000, 0x0000000100000000)
  eden space 66560K, 0% used [0x00000000d5f00000,0x00000000d5f00000,0x00000000da000000)
  from space 5120K, 0% used [0x00000000da500000,0x00000000da500000,0x00000000daa00000)
  to   space 5120K, 0% used [0x00000000da000000,0x00000000da000000,0x00000000da500000)
 ParOldGen       total 41984K, used 3605K [0x0000000081c00000, 0x0000000084500000, 0x00000000d5f00000)
  object space 41984K, 8% used [0x0000000081c00000,0x0000000081f85618,0x0000000084500000)
 Metaspace       used 16432K, capacity 16586K, committed 16768K, reserved 1067008K
  class space    used 2031K, capacity 2079K, committed 2176K, reserved 1048576K
}
Event: 3.471 GC heap before
{Heap before GC invocations=6 (full 1):
 PSYoungGen      total 71680K, used 66560K [0x00000000d5f00000, 0x00000000daa00000, 0x0000000100000000)
  eden space 66560K, 100% used [0x00000000d5f00000,0x00000000da000000,0x00000000da000000)
  from space 5120K, 0% used [0x00000000da500000,0x00000000da500000,0x00000000daa00000)
  to   space 5120K, 0% used [0x00000000da000000,0x00000000da000000,0x00000000da500000)
 ParOldGen       total 41984K, used 3605K [0x0000000081c00000, 0x0000000084500000, 0x00000000d5f00000)
  object space 41984K, 8% used [0x0000000081c00000,0x0000000081f85618,0x0000000084500000)
 Metaspace       used 22746K, capacity 23034K, committed 23168K, reserved 1071104K
  class space    used 2818K, capacity 2898K, committed 2944K, reserved 1048576K
Event: 3.490 GC heap after
Heap after GC invocations=6 (full 1):
 PSYoungGen      total 71680K, used 5105K [0x00000000d5f00000, 0x00000000daa00000, 0x0000000100000000)
  eden space 66560K, 0% used [0x00000000d5f00000,0x00000000d5f00000,0x00000000da000000)
  from space 5120K, 99% used [0x00000000da000000,0x00000000da4fc710,0x00000000da500000)
  to   space 5120K, 0% used [0x00000000da500000,0x00000000da500000,0x00000000daa00000)
 ParOldGen       total 41984K, used 5548K [0x0000000081c00000, 0x0000000084500000, 0x00000000d5f00000)
  object space 41984K, 13% used [0x0000000081c00000,0x000000008216b3e8,0x0000000084500000)
 Metaspace       used 22746K, capacity 23034K, committed 23168K, reserved 1071104K
  class space    used 2818K, capacity 2898K, committed 2944K, reserved 1048576K
}

Deoptimization events (10 events):
Event: 3.019 Thread 0x000000000039f800 Uncommon trap: reason=class_check action=maybe_recompile pc=0x0000000002c6d53c method=java.util.concurrent.ConcurrentHashMap.putVal(Ljava/lang/Object;Ljava/lang/Object;Z)Ljava/lang/Object; @ 192
Event: 3.062 Thread 0x000000000039f800 Uncommon trap: reason=predicate action=maybe_recompile pc=0x0000000003015b28 method=java.util.AbstractCollection.toArray([Ljava/lang/Object;)[Ljava/lang/Object; @ 49
Event: 3.071 Thread 0x000000000039f800 Uncommon trap: reason=array_check action=maybe_recompile pc=0x000000000301615c method=java.util.AbstractCollection.toArray([Ljava/lang/Object;)[Ljava/lang/Object; @ 119
Event: 3.071 Thread 0x000000000039f800 Uncommon trap: reason=array_check action=maybe_recompile pc=0x000000000301615c method=java.util.AbstractCollection.toArray([Ljava/lang/Object;)[Ljava/lang/Object; @ 119
Event: 3.071 Thread 0x000000000039f800 Uncommon trap: reason=array_check action=maybe_recompile pc=0x000000000301615c method=java.util.AbstractCollection.toArray([Ljava/lang/Object;)[Ljava/lang/Object; @ 119
Event: 3.071 Thread 0x000000000039f800 Uncommon trap: reason=array_check action=maybe_recompile pc=0x000000000301615c method=java.util.AbstractCollection.toArray([Ljava/lang/Object;)[Ljava/lang/Object; @ 119
Event: 3.548 Thread 0x000000000039f800 Uncommon trap: reason=unstable_if action=reinterpret pc=0x0000000002f60494 method=java.lang.reflect.Method.equals(Ljava/lang/Object;)Z @ 1
Event: 3.576 Thread 0x000000000039f800 Uncommon trap: reason=unstable_if action=reinterpret pc=0x0000000002fc1c64 method=org.springframework.asm.Type.getArgumentsAndReturnSizes(Ljava/lang/String;)I @ 88
Event: 3.576 Thread 0x000000000039f800 Uncommon trap: reason=unstable_if action=reinterpret pc=0x0000000002fb2d00 method=org.springframework.asm.Type.getArgumentTypes(Ljava/lang/String;)[Lorg/springframework/asm/Type; @ 58
Event: 3.578 Thread 0x000000000039f800 Uncommon trap: reason=unstable_if action=reinterpret pc=0x0000000003064024 method=org.springframework.asm.Type.getArgumentsAndReturnSizes(Ljava/lang/String;)I @ 88

Internal exceptions (10 events):
Event: 3.670 Thread 0x000000000039f800 Exception <a 'java/lang/ClassNotFoundException': java/lang/ObjectCustomizer> (0x00000000d68cc318) thrown at [D:\re\puppet\workspace\8-2-build-windows-amd64-cygwin\jdk8u73\6086\hotspot\src\share\vm\classfile\systemDictionary.cpp, line 210]
Event: 3.671 Thread 0x000000000039f800 Exception <a 'java/lang/ClassNotFoundException': org/springframework/boot/autoconfigure/jackson/JacksonAutoConfiguration$JacksonObjectMapperConfigurationCustomizer> (0x00000000d68e9f50) thrown at [D:\re\puppet\workspace\8-2-build-windows-amd64-cygwin\jdk8u‹$€ðá_@
Event: 3.672 Thread 0x000000000039f800 Exception <a 'java/lang/ClassNotFoundException': org/springframework/boot/autoconfigure/jackson/JacksonAutoConfiguration$JacksonObjectMapperConfiguration$$EnhancerBySpringCGLIB$$227c1d4dCustomizer> (0x00000000d690d0c8) thrown at [D:\re\puppet\workspace\8-2
Event: 3.673 Thread 0x000000000039f800 Exception <a 'java/lang/ClassNotFoundException': org/springframework/context/annotation/ConfigurationClassEnhancer$EnhancedConfigurationCustomizer> (0x00000000d692c4b0) thrown at [D:\re\puppet\workspace\8-2-build-windows-amd64-cygwin\jdk8u73\6086\hotspot\sêF§˜¹@
Event: 3.716 Thread 0x000000000039f800 Exception <a 'java/lang/ClassNotFoundException': com/fasterxml/jackson/databind/ObjectMapperBeanInfo> (0x00000000d6b14148) thrown at [D:\re\puppet\workspace\8-2-build-windows-amd64-cygwin\jdk8u73\6086\hotspot\src\share\vm\classfile\systemDictionary.cpp, li’~ó­º@
Event: 3.716 Thread 0x000000000039f800 Exception <a 'java/lang/ClassNotFoundException': com/fasterxml/jackson/core/ObjectCodecBeanInfo> (0x00000000d6b227f0) thrown at [D:\re\puppet\workspace\8-2-build-windows-amd64-cygwin\jdk8u73\6086\hotspot\src\share\vm\classfile\systemDictionary.cpp, line 21Uþñy»@
Event: 3.717 Thread 0x000000000039f800 Exception <a 'java/lang/ClassNotFoundException': com/fasterxml/jackson/core/TreeCodecBeanInfo> (0x00000000d6b30cd0) thrown at [D:\re\puppet\workspace\8-2-build-windows-amd64-cygwin\jdk8u73\6086\hotspot\src\share\vm\classfile\systemDictionary.cpp, line 210]@%Iò¼@
Event: 3.717 Thread 0x000000000039f800 Exception <a 'java/lang/ClassNotFoundException': com/fasterxml/jackson/core/TreeCodecCustomizer> (0x00000000d6b3f500) thrown at [D:\re\puppet\workspace\8-2-build-windows-amd64-cygwin\jdk8u73\6086\hotspot\src\share\vm\classfile\systemDictionary.cpp, line 21þŒ²]c¾@
Event: 3.718 Thread 0x000000000039f800 Exception <a 'java/lang/ClassNotFoundException': com/fasterxml/jackson/core/ObjectCodecCustomizer> (0x00000000d6b52d38) thrown at [D:\re\puppet\workspace\8-2-build-windows-amd64-cygwin\jdk8u73\6086\hotspot\src\share\vm\classfile\systemDictionary.cpp, line Ä0œ•TÄ@
Event: 3.721 Thread 0x000000000039f800 Exception <a 'java/lang/ClassNotFoundException': com/fasterxml/jackson/databind/ObjectMapperCustomizer> (0x00000000d6b7dcb8) thrown at [D:\re\puppet\workspace\8-2-build-windows-amd64-cygwin\jdk8u73\6086\hotspot\src\share\vm\classfile\systemDictionary.cpp, ¿Ë7z]@

Events (10 events):
Event: 3.721 loading class com/fasterxml/jackson/databind/ObjectMapperCustomizer
Event: 3.721 loading class com/fasterxml/jackson/databind/ObjectMapperCustomizer done
Event: 3.724 loading class sun/reflect/generics/tree/ByteSignature
Event: 3.724 loading class sun/reflect/generics/tree/ByteSignature done
Event: 3.724 loading class sun/reflect/generics/tree/IntSignature
Event: 3.724 loading class sun/reflect/generics/tree/IntSignature done
Event: 3.727 loading class sun/reflect/generics/tree/BooleanSignature
Event: 3.727 loading class sun/reflect/generics/tree/BooleanSignature done
Event: 3.734 loading class com/fasterxml/jackson/core/VersionedCustomizer
Event: 3.734 loading class com/fasterxml/jackson/core/VersionedCustomizer done


Dynamic libraries:
0x000000013f780000 - 0x000000013f7b7000 	C:\Program Files\Java\jdk1.8.0_73\jre\bin\java.exe
0x0000000077650000 - 0x00000000777ef000 	C:\Windows\SYSTEM32\ntdll.dll
0x0000000077430000 - 0x000000007754f000 	C:\Windows\system32\kernel32.dll
0x000007fefd670000 - 0x000007fefd6da000 	C:\Windows\system32\KERNELBASE.dll
0x000007feff530000 - 0x000007feff60b000 	C:\Windows\system32\ADVAPI32.dll
0x000007fefeb80000 - 0x000007fefec1f000 	C:\Windows\system32\msvcrt.dll
0x000007fefe4e0000 - 0x000007fefe4ff000 	C:\Windows\SYSTEM32\sechost.dll
0x000007feff0d0000 - 0x000007feff1fd000 	C:\Windows\system32\RPCRT4.dll
0x0000000077550000 - 0x000000007764a000 	C:\Windows\system32\USER32.dll
0x000007fefd6e0000 - 0x000007fefd747000 	C:\Windows\system32\GDI32.dll
0x000007feff720000 - 0x000007feff72e000 	C:\Windows\system32\LPK.dll
0x000007fefec20000 - 0x000007fefeceb000 	C:\Windows\system32\USP10.dll
0x000007fefc490000 - 0x000007fefc684000 	C:\Windows\WinSxS\amd64_microsoft.windows.common-controls_6595b64144ccf1df_6.0.7601.18837_none_fa3b1e3d17594757\COMCTL32.dll
0x000007feff8c0000 - 0x000007feff931000 	C:\Windows\system32\SHLWAPI.dll
0x000007feff6f0000 - 0x000007feff71e000 	C:\Windows\system32\IMM32.DLL
0x000007fefe500000 - 0x000007fefe609000 	C:\Windows\system32\MSCTF.dll
0x000007fefd250000 - 0x000007fefd290000 	C:\Windows\system32\nvinitx.dll
0x0000000050080000 - 0x0000000050152000 	C:\Program Files\Java\jdk1.8.0_73\jre\bin\msvcr100.dll
0x00000000700c0000 - 0x0000000070950000 	C:\Program Files\Java\jdk1.8.0_73\jre\bin\server\jvm.dll
0x000007fef7040000 - 0x000007fef7049000 	C:\Windows\system32\WSOCK32.dll
0x000007feff060000 - 0x000007feff0ad000 	C:\Windows\system32\WS2_32.dll
0x000007fefea70000 - 0x000007fefea78000 	C:\Windows\system32\NSI.dll
0x000007fefaa90000 - 0x000007fefaacb000 	C:\Windows\system32\WINMM.dll
0x000007fefc1c0000 - 0x000007fefc1cc000 	C:\Windows\system32\VERSION.dll
0x00000000777f0000 - 0x00000000777f7000 	C:\Windows\system32\PSAPI.DLL
0x0000000054d20000 - 0x0000000054d2f000 	C:\Program Files\Java\jdk1.8.0_73\jre\bin\verify.dll
0x0000000054ab0000 - 0x0000000054ad9000 	C:\Program Files\Java\jdk1.8.0_73\jre\bin\java.dll
0x0000000052e00000 - 0x0000000052e16000 	C:\Program Files\Java\jdk1.8.0_73\jre\bin\zip.dll
0x000007fefd750000 - 0x000007fefe4db000 	C:\Windows\system32\SHELL32.dll
0x000007fefe7f0000 - 0x000007fefe9ed000 	C:\Windows\system32\ole32.dll
0x000007fefd330000 - 0x000007fefd33f000 	C:\Windows\system32\profapi.dll
0x0000000054d10000 - 0x0000000054d1d000 	C:\Program Files\Java\jdk1.8.0_73\jre\bin\management.dll
0x0000000052ac0000 - 0x0000000052ada000 	C:\Program Files\Java\jdk1.8.0_73\jre\bin\net.dll
0x000007fefcab0000 - 0x000007fefcb05000 	C:\Windows\system32\mswsock.dll
0x000007fefcaa0000 - 0x000007fefcaa7000 	C:\Windows\System32\wship6.dll
0x000007fefaad0000 - 0x000007fefaae5000 	C:\Windows\system32\NLAapi.dll
0x000007feef390000 - 0x000007feef3a5000 	C:\Windows\system32\napinsp.dll
0x000007feef2f0000 - 0x000007feef309000 	C:\Windows\system32\pnrpnsp.dll
0x000007fefc930000 - 0x000007fefc98b000 	C:\Windows\system32\DNSAPI.dll
0x000007feef2d0000 - 0x000007feef2db000 	C:\Windows\System32\winrnr.dll
0x000007feef2c0000 - 0x000007feef2d0000 	C:\Windows\system32\wshbth.dll
0x000007fefbf30000 - 0x000007fefbf37000 	C:\Windows\System32\wshtcpip.dll
0x000007fef90e0000 - 0x000007fef9107000 	C:\Windows\system32\IPHLPAPI.DLL
0x000007fef90c0000 - 0x000007fef90cb000 	C:\Windows\system32\WINNSI.DLL
0x000007fef5820000 - 0x000007fef5828000 	C:\Windows\system32\rasadhlp.dll
0x000007fef8f50000 - 0x000007fef8fa3000 	C:\Windows\System32\fwpuclnt.dll
0x0000000052aa0000 - 0x0000000052ab1000 	C:\Program Files\Java\jdk1.8.0_73\jre\bin\nio.dll

VM Arguments:
java_command: D:\Work\Microservices\hola-springboot\target\surefire\surefirebooter5418491794037787670.jar D:\Work\Microservices\hola-springboot\target\surefire\surefire8129896798218575641tmp D:\Work\Microservices\hola-springboot\target\surefire\surefire_08534197317784003627tmp
java_class_path (initial): D:\Work\Microservices\hola-springboot\target\surefire\surefirebooter5418491794037787670.jar
Launcher Type: SUN_STANDARD

Environment Variables:
JAVA_HOME=C:\Program Files\Java\jdk1.8.0_73
CLASSPATH=C:\OraHome1\jlib\bigraphbean.jar;C:\OraHome1\jlib\LW_PfjBean.jar;C:\OraHome1\jlib\bigraphbean-nls.zip
PATH=C:\ProgramData\Oracle\Java\javapath;C:\Program Files\Java\jre6\bin\server;C:\Program Files\Java\jre6\bin;C:\Oracle\DB12c\product\12.1.0\dbhome_1\bin;C:\Oracle\product\12.1.0\client_1\bin;C:\Windows\system32;C:\Windows;C:\Windows\System32\Wbem;C:\Windows\System32\WindowsPowerShell\v1.0\;C:\Program Files (x86)\Intel\Services\IPT\;C:\Program Files\Intel\WiFi\bin\;C:\Program Files\Common Files\Intel\WirelessCommon\;C:\Program Files\ThinkPad\Bluetooth Software\;C:\Program Files\ThinkPad\Bluetooth Software\syswow64;C:\Program Files\Java\jdk1.7.0_65\bin;C:\Program Files (x86)\WinMerge;C:\Program Files\TortoiseSVN\bin;C:\apache-maven-3.5.2\bin;C:\OraHome1\bin;C:\Program Files (x86)\OpenVPN\bin;C:\Program Files\TortoiseGit\bin;C:\Program Files\nodejs\;D:\curl-7.56.0-win64-mingw\bin;C:\spring-1.5.10.RELEASE;C:\spring-1.5.10.RELEASE\bin;C:\forge-distribution-3.8.1.Final\bin; C:\forge-distribution-3.8.1.Final;C:\Program Files\Intel\WiFi\bin\;C:\Program Files\Common Files\Intel\WirelessCommon\;C:\Program Files\Java\jdk1.7.0_65\bin;C:\Users\Lau\AppData\Local\atom\bin;C:\Users\Lau\AppData\Roaming\npm;C:\apache-maven-3.5.2\bin;
USERNAME=Lau
OS=Windows_NT
PROCESSOR_IDENTIFIER=Intel64 Family 6 Model 42 Stepping 7, GenuineIntel



---------------  S Y S T E M  ---------------

OS: Windows 7 , 64 bit Build 7601 (6.1.7601.24000)

CPU:total 4 (2 cores per cpu, 2 threads per core) family 6 model 42 stepping 7, cmov, cx8, fxsr, mmx, sse, sse2, sse3, ssse3, sse4.1, sse4.2, popcnt, avx, aes, clmul, ht, tsc, tscinvbit

Memory: 4k page, physical 8269040k(294984k free), swap 9315740k(4644k free)

vm_info: Java HotSpot(TM) 64-Bit Server VM (25.73-b02) for windows-amd64 JRE (1.8.0_73-b02), built on Jan 29 2016 17:38:49 by "java_re" with MS VC++ 10.0 (VS2010)

time: Mon Feb 05 17:43:28 2018
elapsed time: 3 seconds (0d 0h 0m 3s)

